<?xml version="1.0" encoding="UTF-8"?>
<!-- Generated by org.testng.reporters.JUnitXMLReporter -->
<testsuite ignored="0" hostname="DESKTOP-GLTL5EK" failures="1" tests="2" name="Regression" time="0.109" errors="0" timestamp="2021-07-07T20:01:01 IST">
  <testcase classname="tng.testing" name="test0" time="0.024">
    <failure type="java.lang.AssertionError" message="expected [true] but found [false]">
      <![CDATA[java.lang.AssertionError: expected [true] but found [false]
at tng.testing.test0(testing.java:10)
at java.base/java.util.ArrayList.forEach(ArrayList.java:1511)
... Removed 31 stack frames]]>
    </failure>
  </testcase> <!-- test0 -->
  <testcase classname="tng.testing" name="test1" time="0.009"/>
</testsuite> <!-- Regression -->
