<?xml version="1.0" encoding="UTF-8"?>
<!-- Generated by org.testng.reporters.JUnitXMLReporter -->
<testsuite ignored="1" hostname="DESKTOP-GLTL5EK" failures="0" tests="2" name="Sanity" time="0.026" errors="0" timestamp="2021-07-07T20:01:01 IST">
  <testcase classname="tng.testng2" name="test2" time="0.003"/>
  <testcase classname="tng.testng2" name="test3" time="0.004"/>
  <testcase classname="tng.testng2" name="test4" time="0.0">
    <ignored/>
  </testcase> <!-- test4 -->
</testsuite> <!-- Sanity -->
