<?xml version="1.0" encoding="UTF-8"?>
<!-- Generated by org.testng.reporters.JUnitXMLReporter -->
<testsuite ignored="2" hostname="DESKTOP-GLTL5EK" failures="0" tests="3" name="Test" time="0.131" errors="0" timestamp="2021-07-05T20:41:00 IST">
  <testcase classname="tng.testing" name="test1" time="0.022"/>
  <testcase classname="tng.testng2" name="test3" time="0.002"/>
  <testcase classname="tng.testng2" name="test2" time="0.007"/>
  <testcase classname="tng.testng2" name="test4" time="0.0">
    <ignored/>
  </testcase> <!-- test4 -->
  <testcase classname="tng.testing" name="test0" time="0.0">
    <ignored/>
  </testcase> <!-- test0 -->
</testsuite> <!-- Test -->
